This file contains any messages produced by compilers while
running configure, to aid debugging if configure makes a mistake.

It was created by configure, which was
generated by GNU Autoconf 2.59.  Invocation command line was

  $ ./configure --enable-shared

## --------- ##
## Platform. ##
## --------- ##

hostname = darkstar
uname -m = i686
uname -r = 2.6.29.6-smp
uname -s = Linux
uname -v = #2 SMP Mon Aug 17 00:52:54 CDT 2009

/usr/bin/uname -p = AMD Phenom(tm) II X2 545 Processor
/bin/uname -X     = unknown

/bin/arch              = i686
/usr/bin/arch -k       = unknown
/usr/convex/getsysinfo = unknown
hostinfo               = unknown
/bin/machine           = unknown
/usr/bin/oslevel       = unknown
/bin/universe          = unknown

PATH: /usr/local/sbin
PATH: /usr/sbin
PATH: /sbin
PATH: /usr/local/bin
PATH: /usr/bin
PATH: /bin
PATH: /usr/games


## ----------- ##
## Core tests. ##
## ----------- ##

configure:1374: checking for g++
configure:1390: found /usr/bin/g++
configure:1400: result: g++
configure:1416: checking for C++ compiler version
configure:1419: g++ --version </dev/null >&5
g++ (GCC) 4.3.3
Copyright (C) 2008 Free Software Foundation, Inc.
This is free software; see the source for copying conditions.  There is NO
warranty; not even for MERCHANTABILITY or FITNESS FOR A PARTICULAR PURPOSE.

configure:1422: $? = 0
configure:1424: g++ -v </dev/null >&5
Reading specs from /usr/lib/gcc/i486-slackware-linux/4.3.3/specs
Target: i486-slackware-linux
Configured with: ../gcc-4.3.3/configure --prefix=/usr --libdir=/usr/lib --enable-shared --enable-bootstrap --enable-languages=ada,c,c++,fortran,java,objc --enable-threads=posix --enable-checking=release --with-system-zlib --disable-libunwind-exceptions --enable-__cxa_atexit --enable-libssp --with-gnu-ld --verbose --with-arch=i486 --target=i486-slackware-linux --build=i486-slackware-linux --host=i486-slackware-linux
Thread model: posix
gcc version 4.3.3 (GCC) 
configure:1427: $? = 0
configure:1429: g++ -V </dev/null >&5
g++: '-V' option must have argument
configure:1432: $? = 1
configure:1455: checking for C++ compiler default output file name
configure:1458: g++    conftest.cc  >&5
configure:1461: $? = 0
configure:1507: result: a.out
configure:1512: checking whether the C++ compiler works
configure:1518: ./a.out
configure:1521: $? = 0
configure:1538: result: yes
configure:1545: checking whether we are cross compiling
configure:1547: result: no
configure:1550: checking for suffix of executables
configure:1552: g++ -o conftest    conftest.cc  >&5
configure:1555: $? = 0
configure:1580: result: 
configure:1586: checking for suffix of object files
configure:1607: g++ -c   conftest.cc >&5
configure:1610: $? = 0
configure:1632: result: o
configure:1636: checking whether we are using the GNU C++ compiler
configure:1660: g++ -c   conftest.cc >&5
configure:1666: $? = 0
configure:1670: test -z 
			 || test ! -s conftest.err
configure:1673: $? = 0
configure:1676: test -s conftest.o
configure:1679: $? = 0
configure:1692: result: yes
configure:1698: checking whether g++ accepts -g
configure:1719: g++ -c -g  conftest.cc >&5
configure:1725: $? = 0
configure:1729: test -z 
			 || test ! -s conftest.err
configure:1732: $? = 0
configure:1735: test -s conftest.o
configure:1738: $? = 0
configure:1749: result: yes
configure:1791: g++ -c -g -O2  conftest.cc >&5
configure:1797: $? = 0
configure:1801: test -z 
			 || test ! -s conftest.err
configure:1804: $? = 0
configure:1807: test -s conftest.o
configure:1810: $? = 0
configure:1836: g++ -c -g -O2  conftest.cc >&5
conftest.cc: In function 'int main()':
conftest.cc:13: error: 'exit' was not declared in this scope
configure:1842: $? = 1
configure: failed program was:
| /* confdefs.h.  */
| 
| #define PACKAGE_NAME ""
| #define PACKAGE_TARNAME ""
| #define PACKAGE_VERSION ""
| #define PACKAGE_STRING ""
| #define PACKAGE_BUGREPORT ""
| /* end confdefs.h.  */
| 
| int
| main ()
| {
| exit (42);
|   ;
|   return 0;
| }
configure:1791: g++ -c -g -O2  conftest.cc >&5
conftest.cc:9: error: 'void std::exit(int)' should have been declared inside 'std'
configure:1797: $? = 1
configure: failed program was:
| /* confdefs.h.  */
| 
| #define PACKAGE_NAME ""
| #define PACKAGE_TARNAME ""
| #define PACKAGE_VERSION ""
| #define PACKAGE_STRING ""
| #define PACKAGE_BUGREPORT ""
| /* end confdefs.h.  */
| extern "C" void std::exit (int) throw (); using std::exit;
| #include <stdlib.h>
| int
| main ()
| {
| exit (42);
|   ;
|   return 0;
| }
configure:1791: g++ -c -g -O2  conftest.cc >&5
conftest.cc:9: error: 'void std::exit(int)' should have been declared inside 'std'
In file included from conftest.cc:10:
/usr/include/stdlib.h:531: error: declaration of 'void std::exit(int) throw ()' throws different exceptions
conftest.cc:9: error: from previous declaration 'void std::exit(int)'
configure:1797: $? = 1
configure: failed program was:
| /* confdefs.h.  */
| 
| #define PACKAGE_NAME ""
| #define PACKAGE_TARNAME ""
| #define PACKAGE_VERSION ""
| #define PACKAGE_STRING ""
| #define PACKAGE_BUGREPORT ""
| /* end confdefs.h.  */
| extern "C" void std::exit (int); using std::exit;
| #include <stdlib.h>
| int
| main ()
| {
| exit (42);
|   ;
|   return 0;
| }
configure:1791: g++ -c -g -O2  conftest.cc >&5
configure:1797: $? = 0
configure:1801: test -z 
			 || test ! -s conftest.err
configure:1804: $? = 0
configure:1807: test -s conftest.o
configure:1810: $? = 0
configure:1836: g++ -c -g -O2  conftest.cc >&5
configure:1842: $? = 0
configure:1846: test -z 
			 || test ! -s conftest.err
configure:1849: $? = 0
configure:1852: test -s conftest.o
configure:1855: $? = 0
configure:1924: checking for gcc
configure:1940: found /usr/bin/gcc
configure:1950: result: gcc
configure:2194: checking for C compiler version
configure:2197: gcc --version </dev/null >&5
gcc (GCC) 4.3.3
Copyright (C) 2008 Free Software Foundation, Inc.
This is free software; see the source for copying conditions.  There is NO
warranty; not even for MERCHANTABILITY or FITNESS FOR A PARTICULAR PURPOSE.

configure:2200: $? = 0
configure:2202: gcc -v </dev/null >&5
Reading specs from /usr/lib/gcc/i486-slackware-linux/4.3.3/specs
Target: i486-slackware-linux
Configured with: ../gcc-4.3.3/configure --prefix=/usr --libdir=/usr/lib --enable-shared --enable-bootstrap --enable-languages=ada,c,c++,fortran,java,objc --enable-threads=posix --enable-checking=release --with-system-zlib --disable-libunwind-exceptions --enable-__cxa_atexit --enable-libssp --with-gnu-ld --verbose --with-arch=i486 --target=i486-slackware-linux --build=i486-slackware-linux --host=i486-slackware-linux
Thread model: posix
gcc version 4.3.3 (GCC) 
configure:2205: $? = 0
configure:2207: gcc -V </dev/null >&5
gcc: '-V' option must have argument
configure:2210: $? = 1
configure:2213: checking whether we are using the GNU C compiler
configure:2237: gcc -c   conftest.c >&5
configure:2243: $? = 0
configure:2247: test -z 
			 || test ! -s conftest.err
configure:2250: $? = 0
configure:2253: test -s conftest.o
configure:2256: $? = 0
configure:2269: result: yes
configure:2275: checking whether gcc accepts -g
configure:2296: gcc -c -g  conftest.c >&5
configure:2302: $? = 0
configure:2306: test -z 
			 || test ! -s conftest.err
configure:2309: $? = 0
configure:2312: test -s conftest.o
configure:2315: $? = 0
configure:2326: result: yes
configure:2343: checking for gcc option to accept ANSI C
configure:2413: gcc  -c -g -O2  conftest.c >&5
configure:2419: $? = 0
configure:2423: test -z 
			 || test ! -s conftest.err
configure:2426: $? = 0
configure:2429: test -s conftest.o
configure:2432: $? = 0
configure:2450: result: none needed
configure:2468: gcc -c -g -O2  conftest.c >&5
conftest.c:2: error: expected '=', ',', ';', 'asm' or '__attribute__' before 'me'
configure:2474: $? = 1
configure: failed program was:
| #ifndef __cplusplus
|   choke me
| #endif
configure:2613: checking how to run the C preprocessor
configure:2648: gcc -E  conftest.c
configure:2654: $? = 0
configure:2686: gcc -E  conftest.c
conftest.c:12:28: error: ac_nonexistent.h: No such file or directory
configure:2692: $? = 1
configure: failed program was:
| /* confdefs.h.  */
| 
| #define PACKAGE_NAME ""
| #define PACKAGE_TARNAME ""
| #define PACKAGE_VERSION ""
| #define PACKAGE_STRING ""
| #define PACKAGE_BUGREPORT ""
| #ifdef __cplusplus
| extern "C" void exit (int) throw ();
| #endif
| /* end confdefs.h.  */
| #include <ac_nonexistent.h>
configure:2731: result: gcc -E
configure:2755: gcc -E  conftest.c
configure:2761: $? = 0
configure:2793: gcc -E  conftest.c
conftest.c:12:28: error: ac_nonexistent.h: No such file or directory
configure:2799: $? = 1
configure: failed program was:
| /* confdefs.h.  */
| 
| #define PACKAGE_NAME ""
| #define PACKAGE_TARNAME ""
| #define PACKAGE_VERSION ""
| #define PACKAGE_STRING ""
| #define PACKAGE_BUGREPORT ""
| #ifdef __cplusplus
| extern "C" void exit (int) throw ();
| #endif
| /* end confdefs.h.  */
| #include <ac_nonexistent.h>
configure:2843: checking for egrep
configure:2853: result: grep -E
configure:2858: checking for ANSI C header files
configure:2883: gcc -c -g -O2  conftest.c >&5
configure:2889: $? = 0
configure:2893: test -z 
			 || test ! -s conftest.err
configure:2896: $? = 0
configure:2899: test -s conftest.o
configure:2902: $? = 0
configure:2991: gcc -o conftest -g -O2   conftest.c  >&5
conftest.c: In function 'main':
conftest.c:29: warning: incompatible implicit declaration of built-in function 'exit'
configure:2994: $? = 0
configure:2996: ./conftest
configure:2999: $? = 0
configure:3014: result: yes
configure:3109: checking for /root/openmcu/h323plus/../pwlib/version.h
configure:3124: result: no
configure:3134: checking for /root/pwlib/include/ptlib.h
configure:3149: result: no
configure:3158: checking for /usr/local/include/ptlib.h
configure:3173: result: yes
configure:3182: checking for ptlib-config
configure:3200: found /usr/local/bin/ptlib-config
configure:3212: result: /usr/local/bin/ptlib-config
configure:3328: checking Checking PWLib version ..
configure:3349: result: ok
configure:3558: checking for sys/types.h
configure:3574: gcc -c -g -O2  conftest.c >&5
configure:3580: $? = 0
configure:3584: test -z 
			 || test ! -s conftest.err
configure:3587: $? = 0
configure:3590: test -s conftest.o
configure:3593: $? = 0
configure:3604: result: yes
configure:3558: checking for sys/stat.h
configure:3574: gcc -c -g -O2  conftest.c >&5
configure:3580: $? = 0
configure:3584: test -z 
			 || test ! -s conftest.err
configure:3587: $? = 0
configure:3590: test -s conftest.o
configure:3593: $? = 0
configure:3604: result: yes
configure:3558: checking for stdlib.h
configure:3574: gcc -c -g -O2  conftest.c >&5
configure:3580: $? = 0
configure:3584: test -z 
			 || test ! -s conftest.err
configure:3587: $? = 0
configure:3590: test -s conftest.o
configure:3593: $? = 0
configure:3604: result: yes
configure:3558: checking for string.h
configure:3574: gcc -c -g -O2  conftest.c >&5
configure:3580: $? = 0
configure:3584: test -z 
			 || test ! -s conftest.err
configure:3587: $? = 0
configure:3590: test -s conftest.o
configure:3593: $? = 0
configure:3604: result: yes
configure:3558: checking for memory.h
configure:3574: gcc -c -g -O2  conftest.c >&5
configure:3580: $? = 0
configure:3584: test -z 
			 || test ! -s conftest.err
configure:3587: $? = 0
configure:3590: test -s conftest.o
configure:3593: $? = 0
configure:3604: result: yes
configure:3558: checking for strings.h
configure:3574: gcc -c -g -O2  conftest.c >&5
configure:3580: $? = 0
configure:3584: test -z 
			 || test ! -s conftest.err
configure:3587: $? = 0
configure:3590: test -s conftest.o
configure:3593: $? = 0
configure:3604: result: yes
configure:3558: checking for inttypes.h
configure:3574: gcc -c -g -O2  conftest.c >&5
configure:3580: $? = 0
configure:3584: test -z 
			 || test ! -s conftest.err
configure:3587: $? = 0
configure:3590: test -s conftest.o
configure:3593: $? = 0
configure:3604: result: yes
configure:3558: checking for stdint.h
configure:3574: gcc -c -g -O2  conftest.c >&5
configure:3580: $? = 0
configure:3584: test -z 
			 || test ! -s conftest.err
configure:3587: $? = 0
configure:3590: test -s conftest.o
configure:3593: $? = 0
configure:3604: result: yes
configure:3558: checking for unistd.h
configure:3574: gcc -c -g -O2  conftest.c >&5
configure:3580: $? = 0
configure:3584: test -z 
			 || test ! -s conftest.err
configure:3587: $? = 0
configure:3590: test -s conftest.o
configure:3593: $? = 0
configure:3604: result: yes
configure:3625: Enabling T.38
configure:3767: Disabling H.350
configure:3945: checking for a BSD-compatible install
configure:4000: result: /usr/bin/ginstall -c
configure:4124: creating ./config.status

## ---------------------- ##
## Running config.status. ##
## ---------------------- ##

This file was extended by config.status, which was
generated by GNU Autoconf 2.59.  Invocation command line was

  CONFIG_FILES    = 
  CONFIG_HEADERS  = 
  CONFIG_LINKS    = 
  CONFIG_COMMANDS = 
  $ ./config.status 

on darkstar

config.status:682: creating openh323u.mak
config.status:682: creating Makefile
config.status:786: creating include/openh323buildopts.h
config.status:924: include/openh323buildopts.h is unchanged
configure:5224: configuring in plugins
configure:5341: running /bin/sh './configure' --prefix=/usr/local  '--enable-shared' --cache-file=/dev/null --srcdir=.

## ---------------- ##
## Cache variables. ##
## ---------------- ##

ac_cv_c_compiler_gnu=yes
ac_cv_cxx_compiler_gnu=yes
ac_cv_env_CC_set=
ac_cv_env_CC_value=
ac_cv_env_CFLAGS_set=
ac_cv_env_CFLAGS_value=
ac_cv_env_CPPFLAGS_set=
ac_cv_env_CPPFLAGS_value=
ac_cv_env_CPP_set=
ac_cv_env_CPP_value=
ac_cv_env_CXXFLAGS_set=
ac_cv_env_CXXFLAGS_value=
ac_cv_env_CXX_set=
ac_cv_env_CXX_value=
ac_cv_env_LDFLAGS_set=
ac_cv_env_LDFLAGS_value=
ac_cv_env_build_alias_set=
ac_cv_env_build_alias_value=
ac_cv_env_host_alias_set=
ac_cv_env_host_alias_value=
ac_cv_env_target_alias_set=
ac_cv_env_target_alias_value=
ac_cv_exeext=
ac_cv_file__root_openmcu_h323plus____pwlib_version_h=no
ac_cv_file__root_pwlib_include_ptlib_h=no
ac_cv_file__usr_local_include_ptlib_h=yes
ac_cv_header_inttypes_h=yes
ac_cv_header_memory_h=yes
ac_cv_header_stdc=yes
ac_cv_header_stdint_h=yes
ac_cv_header_stdlib_h=yes
ac_cv_header_string_h=yes
ac_cv_header_strings_h=yes
ac_cv_header_sys_stat_h=yes
ac_cv_header_sys_types_h=yes
ac_cv_header_unistd_h=yes
ac_cv_objext=o
ac_cv_path_PTLIB_CONFIG=/usr/local/bin/ptlib-config
ac_cv_path_install='/usr/bin/ginstall -c'
ac_cv_prog_CPP='gcc -E'
ac_cv_prog_ac_ct_CC=gcc
ac_cv_prog_ac_ct_CXX=g++
ac_cv_prog_cc_g=yes
ac_cv_prog_cc_stdc=
ac_cv_prog_cxx_g=yes
ac_cv_prog_egrep='grep -E'

## ----------------- ##
## Output variables. ##
## ----------------- ##

BUILD_NUMBER='2'
CC='gcc'
CFLAGS='-g -O2'
CPP='gcc -E'
CPPFLAGS=''
CXX='g++'
CXXFLAGS='-g -O2'
DEFS='-DHAVE_CONFIG_H'
ECHO_C=''
ECHO_N='-n'
ECHO_T=''
EGREP='grep -E'
ENDLDLIBS=''
EXEEXT=''
H323_FILE='1'
H323_GNUGK='1'
H323_H224='1'
H323_H230='1'
H323_H239='1'
H323_H248='1'
H323_H249='1'
H323_H350=''
H323_H450='1'
H323_H460='1'
H323_H501='1'
H323_T120=''
H323_T38='1'
INSTALLPREFIX='/usr/local'
INSTALL_DATA='${INSTALL} -m 644'
INSTALL_PROGRAM='${INSTALL}'
INSTALL_SCRIPT='${INSTALL}'
LDFLAGS=''
LDLIBS=''
LIBDIR='${exec_prefix}/lib'
LIBOBJS=''
LIBS=''
LTLIBOBJS=''
MAJOR_VERSION='1'
MINOR_VERSION='20'
NOAUDIOCODECS=''
NOTRACE=''
NOVIDEO=''
OBJEXT='o'
OPENH323DIR='/root/openmcu/h323plus'
OPENH323_VERSION='1.20.2'
PACKAGE_BUGREPORT=''
PACKAGE_NAME=''
PACKAGE_STRING=''
PACKAGE_TARNAME=''
PACKAGE_VERSION=''
PATH_SEPARATOR=':'
PTLIB_CONFIG='/usr/local/bin/ptlib-config'
PWLIBDIR='/usr/local/share/ptlib/'
SHELL='/bin/sh'
STDCCFLAGS=''
ac_ct_CC='gcc'
ac_ct_CXX='g++'
bindir='${exec_prefix}/bin'
build_alias=''
datadir='${prefix}/share'
exec_prefix='${prefix}'
host_alias=''
includedir='${prefix}/include'
infodir='${prefix}/info'
libdir='${exec_prefix}/lib'
libexecdir='${exec_prefix}/libexec'
localstatedir='${prefix}/var'
mandir='${prefix}/man'
oldincludedir='/usr/include'
prefix='/usr/local'
program_transform_name='s,x,x,'
sbindir='${exec_prefix}/sbin'
sharedstatedir='${prefix}/com'
subdirs=' plugins'
sysconfdir='${prefix}/etc'
target_alias=''

## ----------- ##
## confdefs.h. ##
## ----------- ##

#define H323_AUDIO_CODECS 1
#define H323_FILE 1
#define H323_GNUGK 1
#define H323_H224 1
#define H323_H230 1
#define H323_H239 1
#define H323_H248 1
#define H323_H249 1
#define H323_H450 1
#define H323_H460 1
#define H323_H501 1
#define H323_T120 1
#define H323_T38 1
#define H323_VIDEO 1
#define HAVE_INTTYPES_H 1
#define HAVE_MEMORY_H 1
#define HAVE_STDINT_H 1
#define HAVE_STDLIB_H 1
#define HAVE_STRINGS_H 1
#define HAVE_STRING_H 1
#define HAVE_SYS_STAT_H 1
#define HAVE_SYS_TYPES_H 1
#define HAVE_UNISTD_H 1
#define OPENH323_BUILD 2
#define OPENH323_MAJOR 1
#define OPENH323_MINOR 20
#define OPENH323_VERSION "1.20.2"
#define PACKAGE_BUGREPORT ""
#define PACKAGE_NAME ""
#define PACKAGE_STRING ""
#define PACKAGE_TARNAME ""
#define PACKAGE_VERSION ""
#define STDC_HEADERS 1
#endif
#ifdef __cplusplus
extern "C" void exit (int) throw ();

configure: exit 0
